Build started 11/24/2013 21:30:41.
     1>Project "C:\Users\Ran\SkyDrive\Academic\GT\ECE6258\HEVC Project\trunk\build\vc10\TAppDecoder_vc10.vcxproj" on node 2 (Build target(s)).
     1>ClCompile:
         D:\Program Files\Microsoft Visual Studio 12.0\VC\bin\CL.exe /c /I"C:\Users\Ran\SkyDrive\Academic\GT\ECE6258\HEVC Project\trunk\build\\..\source\Lib\\" /I"C:\Users\Ran\SkyDrive\Academic\GT\ECE6258\HEVC Project\trunk\build\\..\compat\msvc" /ZI /nologo /W3 /WX- /Od /Oy- /D WIN32 /D _DEBUG /D _CONSOLE /D _CRT_SECURE_NO_WARNINGS /D _MBCS /Gm /EHsc /RTC1 /MTd /GS /fp:precise /Zc:wchar_t /Zc:forScope /Fo"C:\Users\Ran\SkyDrive\Academic\GT\ECE6258\HEVC Project\trunk\build\\vc10\Win32\Debug\TAppDecoder\\" /Fd"C:\Users\Ran\SkyDrive\Academic\GT\ECE6258\HEVC Project\trunk\build\\vc10\Win32\Debug\TAppDecoder\vc120.pdb" /Gd /TP /analyze- /errorReport:prompt ..\..\source\App\TAppDecoder\decmain.cpp ..\..\source\App\TAppDecoder\TAppDecCfg.cpp ..\..\source\App\TAppDecoder\TAppDecTop.cpp
         TAppDecTop.cpp
         TAppDecCfg.cpp
         decmain.cpp
         Generating Code...
       Link:
         D:\Program Files\Microsoft Visual Studio 12.0\VC\bin\link.exe /ERRORREPORT:PROMPT /OUT:"C:\Users\Ran\SkyDrive\Academic\GT\ECE6258\HEVC Project\trunk\build\\..\bin\vc10\Win32\Debug\TAppDecoder.exe" /INCREMENTAL /NOLOGO kernel32.lib user32.lib gdi32.lib winspool.lib comdlg32.lib advapi32.lib shell32.lib ole32.lib oleaut32.lib uuid.lib odbc32.lib odbccp32.lib /MANIFEST /MANIFESTUAC:"level='asInvoker' uiAccess='false'" /manifest:embed /DEBUG /PDB:"C:\Users\Ran\SkyDrive\Academic\GT\ECE6258\HEVC Project\trunk\build\\..\bin\vc10\Win32\Debug\TAppDecoder.pdb" /SUBSYSTEM:CONSOLE /TLBID:1 /DYNAMICBASE /NXCOMPAT /IMPLIB:"C:\Users\Ran\SkyDrive\Academic\GT\ECE6258\HEVC Project\trunk\build\\..\bin\vc10\Win32\Debug\TAppDecoder.lib" /MACHINE:X86 /SAFESEH "C:\Users\Ran\SkyDrive\Academic\GT\ECE6258\HEVC Project\trunk\build\\vc10\Win32\Debug\TAppDecoder\decmain.obj"
         "C:\Users\Ran\SkyDrive\Academic\GT\ECE6258\HEVC Project\trunk\build\\vc10\Win32\Debug\TAppDecoder\TAppDecCfg.obj"
         "C:\Users\Ran\SkyDrive\Academic\GT\ECE6258\HEVC Project\trunk\build\\vc10\Win32\Debug\TAppDecoder\TAppDecTop.obj"
         "C:\Users\Ran\SkyDrive\Academic\GT\ECE6258\HEVC Project\trunk\build\vc10\Win32\Debug\TAppCommon\TAppCommon.lib"
         "C:\Users\Ran\SkyDrive\Academic\GT\ECE6258\HEVC Project\trunk\build\vc10\Win32\Debug\TLibCommon\TLibCommon.lib"
         "C:\Users\Ran\SkyDrive\Academic\GT\ECE6258\HEVC Project\trunk\build\vc10\Win32\Debug\TLibDecoder\TLibDecoder.lib"
         "C:\Users\Ran\SkyDrive\Academic\GT\ECE6258\HEVC Project\trunk\build\vc10\Win32\Debug\TLibVideoIo\TLibVideoIO.lib"
     1>LINK : fatal error LNK1104: cannot open file 'C:\Users\Ran\SkyDrive\Academic\GT\ECE6258\HEVC Project\trunk\build\vc10\Win32\Debug\TAppCommon\TAppCommon.lib'
     1>Done Building Project "C:\Users\Ran\SkyDrive\Academic\GT\ECE6258\HEVC Project\trunk\build\vc10\TAppDecoder_vc10.vcxproj" (Build target(s)) -- FAILED.

Build FAILED.

Time Elapsed 00:00:04.92
